mingw32-make: Entering directory 'C:/Dev/Jenkins/workspace/SEFMediaPreparer/Workspace'
mingw32-make[1]: Entering directory 'C:/Dev/Jenkins/workspace/SEFMediaPreparer/Workspace'
F:\Workspace\SEFMediaPreparer\src\MediaPreparer.ui: Warning: The name 'layoutWidget' (QWidget) is already in use, defaulting to 'layoutWidget1'.
F:\Workspace\SEFMediaPreparer\src\MediaPreparer.ui: Warning: The name 'layoutWidget' (QWidget) is already in use, defaulting to 'layoutWidget2'.
In file included from F:\Workspace\SEFMediaPreparer/src/MediaPreparer.hpp:5:0,
                 from F:\Workspace\SEFMediaPreparer\src\main.cpp:2:
F:\Workspace\SEFMediaPreparer/src/File.hpp:19:18: warning: converting to non-pointer type 'int' from NULL [-Wconversion-null]
  int _duration = NULL;
                  ^
F:\Workspace\SEFMediaPreparer/src/File.hpp:21:19: warning: converting to non-pointer type 'int' from NULL [-Wconversion-null]
  int _subtitles = NULL;
                   ^
In file included from F:\Workspace\SEFMediaPreparer/src/MediaPreparer.hpp:6:0,
                 from F:\Workspace\SEFMediaPreparer\src\main.cpp:2:
F:\Workspace\SEFMediaPreparer/src/Library.hpp:24:18: warning: converting to non-pointer type 'int' from NULL [-Wconversion-null]
  int _duration = NULL;
                  ^
In file included from F:\Workspace\SEFMediaPreparer/src/Library.hpp:5:0,
                 from F:\Workspace\SEFMediaPreparer\src\Library.cpp:1:
F:\Workspace\SEFMediaPreparer/src/File.hpp:19:18: warning: converting to non-pointer type 'int' from NULL [-Wconversion-null]
  int _duration = NULL;
                  ^
F:\Workspace\SEFMediaPreparer/src/File.hpp:21:19: warning: converting to non-pointer type 'int' from NULL [-Wconversion-null]
  int _subtitles = NULL;
                   ^
In file included from F:\Workspace\SEFMediaPreparer\src\Library.cpp:1:0:
F:\Workspace\SEFMediaPreparer/src/Library.hpp:24:18: warning: converting to non-pointer type 'int' from NULL [-Wconversion-null]
  int _duration = NULL;
                  ^
F:\Workspace\SEFMediaPreparer\src\Library.cpp: In member function 'void Library::scan(bool)':
F:\Workspace\SEFMediaPreparer\src\Library.cpp:75:23: warning: comparison between signed and unsigned integer expressions [-Wsign-compare]
     for (int i = 0; i < _extensions.size(); i++) {
                       ^
F:\Workspace\SEFMediaPreparer\src\Library.cpp:85:24: warning: comparison between signed and unsigned integer expressions [-Wsign-compare]
      for (int i = 0; i < _extensions.size(); i++) {
                        ^
F:\Workspace\SEFMediaPreparer\src\Library.cpp: In member function 'int Library::size()':
F:\Workspace\SEFMediaPreparer\src\Library.cpp:100:9: warning: converting to non-pointer type 'int' from NULL [-Wconversion-null]
  return NULL;
         ^
F:\Workspace\SEFMediaPreparer\src\Library.cpp: In member function 'int Library::duration()':
F:\Workspace\SEFMediaPreparer\src\Library.cpp:105:20: warning: NULL used in arithmetic [-Wpointer-arith]
   if (_duration == NULL) {
                    ^
F:\Workspace\SEFMediaPreparer\src\Library.cpp:113:9: warning: converting to non-pointer type 'int' from NULL [-Wconversion-null]
  return NULL;
         ^
F:\Workspace\SEFMediaPreparer\src\Library.cpp: In member function 'File& Library::getFile(int)':
F:\Workspace\SEFMediaPreparer\src\Library.cpp:127:40: warning: comparison between signed and unsigned integer expressions [-Wsign-compare]
  if (isValid(true, true, false) && pos < _Library.size())
                                        ^
F:\Workspace\SEFMediaPreparer\src\Library.cpp: In member function 'int Library::findFile(File)':
F:\Workspace\SEFMediaPreparer\src\Library.cpp:138:9: warning: converting to non-pointer type 'int' from NULL [-Wconversion-null]
  return NULL;
         ^
F:\Workspace\SEFMediaPreparer\src\Library.cpp: In member function 'bool Library::checkEncode(File)':
F:\Workspace\SEFMediaPreparer\src\Library.cpp:164:21: warning: comparison between signed and unsigned integer expressions [-Wsign-compare]
   for (int j = 0; j < _settings->vCodecList.size(); j++) {
                     ^
F:\Workspace\SEFMediaPreparer\src\Library.cpp:166:23: warning: comparison between signed and unsigned integer expressions [-Wsign-compare]
     for (int k = 0; k < _settings->vCodecList[j].size(); k++) {
                       ^
F:\Workspace\SEFMediaPreparer\src\Library.cpp:173:21: warning: comparison between signed and unsigned integer expressions [-Wsign-compare]
   for (int l = 0; l < _settings->aCodecList.size(); l++) {
                     ^
F:\Workspace\SEFMediaPreparer\src\Library.cpp:175:23: warning: comparison between signed and unsigned integer expressions [-Wsign-compare]
     for (int m = 0; m < _settings->aCodecList[l].size(); m++) {
                       ^
F:\Workspace\SEFMediaPreparer\src\Library.cpp:187:76: warning: NULL used in arithmetic [-Wpointer-arith]
   if (!matches[0] || !matches[1] || !matches[2] && findFileEncode(file) == NULL) {
                                                                            ^
F:\Workspace\SEFMediaPreparer\src\Library.cpp:187:49: warning: suggest parentheses around '&&' within '||' [-Wparentheses]
   if (!matches[0] || !matches[1] || !matches[2] && findFileEncode(file) == NULL) {
                                                 ^
F:\Workspace\SEFMediaPreparer\src\Library.cpp: In member function 'void Library::scanEncode()':
F:\Workspace\SEFMediaPreparer\src\Library.cpp:200:23: warning: comparison between signed and unsigned integer expressions [-Wsign-compare]
     for (int j = 0; j < _settings->vCodecList.size(); j++) {
                       ^
F:\Workspace\SEFMediaPreparer\src\Library.cpp:202:25: warning: comparison between signed and unsigned integer expressions [-Wsign-compare]
       for (int k = 0; k < _settings->vCodecList[j].size(); k++) {
                         ^
F:\Workspace\SEFMediaPreparer\src\Library.cpp:209:23: warning: comparison between signed and unsigned integer expressions [-Wsign-compare]
     for (int l = 0; l < _settings->aCodecList.size(); l++) {
                       ^
F:\Workspace\SEFMediaPreparer\src\Library.cpp:211:25: warning: comparison between signed and unsigned integer expressions [-Wsign-compare]
       for (int m = 0; m < _settings->aCodecList[l].size(); m++) {
                         ^
F:\Workspace\SEFMediaPreparer\src\Library.cpp:222:77: warning: NULL used in arithmetic [-Wpointer-arith]
     if ((!matches[0] || !matches[1] || !matches[2]) && findFileEncode(f) == NULL) {
                                                                             ^
F:\Workspace\SEFMediaPreparer\src\Library.cpp: In member function 'int Library::durationEncode()':
F:\Workspace\SEFMediaPreparer\src\Library.cpp:242:20: warning: NULL used in arithmetic [-Wpointer-arith]
   if (_duration == NULL) {
                    ^
F:\Workspace\SEFMediaPreparer\src\Library.cpp: In member function 'File& Library::getFileEncode(int)':
F:\Workspace\SEFMediaPreparer\src\Library.cpp:262:39: warning: comparison between signed and unsigned integer expressions [-Wsign-compare]
  if (isValid(true, true, true) && pos < _LibraryEncode.size())
                                       ^
F:\Workspace\SEFMediaPreparer\src\Library.cpp: In member function 'int Library::findFileEncode(File)':
F:\Workspace\SEFMediaPreparer\src\Library.cpp:273:9: warning: converting to non-pointer type 'int' from NULL [-Wconversion-null]
  return NULL;
         ^
F:\Workspace\SEFMediaPreparer\src\Library.cpp: In member function 'bool Library::forceEncode(File)':
F:\Workspace\SEFMediaPreparer\src\Library.cpp:283:59: warning: NULL used in arithmetic [-Wpointer-arith]
  if (isValid(true, true, true) && (i = findFile(file)) != NULL && findFileEncode(file) == NULL) {
                                                           ^
F:\Workspace\SEFMediaPreparer\src\Library.cpp:283:91: warning: NULL used in arithmetic [-Wpointer-arith]
  if (isValid(true, true, true) && (i = findFile(file)) != NULL && findFileEncode(file) == NULL) {
                                                                                           ^
F:\Workspace\SEFMediaPreparer\src\Library.cpp: In member function 'bool Library::skipEncode(File)':
F:\Workspace\SEFMediaPreparer\src\Library.cpp:297:65: warning: NULL used in arithmetic [-Wpointer-arith]
  if (isValid(true, true, true) && (i = findFileEncode(file)) != NULL) {
                                                                 ^
F:\Workspace\SEFMediaPreparer\src\Settings.cpp: In member function 'void Settings::saveConfig()':
F:\Workspace\SEFMediaPreparer\src\Settings.cpp:41:20: warning: comparison between signed and unsigned integer expressions [-Wsign-compare]
  for (int i = 0; i < vCodecList.size(); i++) {
                    ^
In file included from F:\Workspace\SEFMediaPreparer\src\File.cpp:1:0:
F:\Workspace\SEFMediaPreparer/src/File.hpp:19:18: warning: converting to non-pointer type 'int' from NULL [-Wconversion-null]
  int _duration = NULL;
                  ^
F:\Workspace\SEFMediaPreparer/src/File.hpp:21:19: warning: converting to non-pointer type 'int' from NULL [-Wconversion-null]
  int _subtitles = NULL;
                   ^
F:\Workspace\SEFMediaPreparer\src\Settings.cpp:44:20: warning: comparison between signed and unsigned integer expressions [-Wsign-compare]
  for (int i = 0; i < aCodecList.size(); i++) {
                    ^
F:\Workspace\SEFMediaPreparer\src\Library.cpp: In member function 'boost::container::vector<File>& Library::getFiles()':
F:\Workspace\SEFMediaPreparer\src\Library.cpp:124:1: warning: control reaches end of non-void function [-Wreturn-type]
 }
 ^
F:\Workspace\SEFMediaPreparer\src\Library.cpp: In member function 'File& Library::getFile(int)':
F:\Workspace\SEFMediaPreparer\src\Library.cpp:129:1: warning: control reaches end of non-void function [-Wreturn-type]
 }
 ^
F:\Workspace\SEFMediaPreparer\src\Library.cpp: In member function 'int Library::findFile(boost::filesystem::path)':
F:\Workspace\SEFMediaPreparer\src\Library.cpp:144:1: warning: control reaches end of non-void function [-Wreturn-type]
 }
 ^
F:\Workspace\SEFMediaPreparer\src\Library.cpp: In member function 'bool Library::addFile(boost::filesystem::path)':
F:\Workspace\SEFMediaPreparer\src\Library.cpp:159:1: warning: control reaches end of non-void function [-Wreturn-type]
 }
 ^
F:\Workspace\SEFMediaPreparer\src\Library.cpp: In member function 'int Library::sizeEncode()':
F:\Workspace\SEFMediaPreparer\src\Library.cpp:238:1: warning: control reaches end of non-void function [-Wreturn-type]
 }
 ^
F:\Workspace\SEFMediaPreparer\src\Library.cpp: In member function 'int Library::durationEncode()':
F:\Workspace\SEFMediaPreparer\src\Library.cpp:250:1: warning: control reaches end of non-void function [-Wreturn-type]
 }
 ^
F:\Workspace\SEFMediaPreparer\src\Library.cpp: In member function 'boost::container::vector<File>& Library::getFilesEncode()':
F:\Workspace\SEFMediaPreparer\src\Library.cpp:259:1: warning: control reaches end of non-void function [-Wreturn-type]
 }
 ^
F:\Workspace\SEFMediaPreparer\src\Library.cpp: In member function 'File& Library::getFileEncode(int)':
F:\Workspace\SEFMediaPreparer\src\Library.cpp:264:1: warning: control reaches end of non-void function [-Wreturn-type]
 }
 ^
F:\Workspace\SEFMediaPreparer\src\Library.cpp: In member function 'int Library::findFileEncode(boost::filesystem::path)':
F:\Workspace\SEFMediaPreparer\src\Library.cpp:279:1: warning: control reaches end of non-void function [-Wreturn-type]
 }
 ^
F:\Workspace\SEFMediaPreparer\src\Library.cpp: In member function 'bool Library::forceEncode(boost::filesystem::path)':
F:\Workspace\SEFMediaPreparer\src\Library.cpp:293:1: warning: control reaches end of non-void function [-Wreturn-type]
 }
 ^
F:\Workspace\SEFMediaPreparer\src\Library.cpp: In member function 'bool Library::skipEncode(boost::filesystem::path)':
F:\Workspace\SEFMediaPreparer\src\Library.cpp:307:1: warning: control reaches end of non-void function [-Wreturn-type]
 }
 ^
F:\Workspace\SEFMediaPreparer\src\Settings.cpp: In member function 'void Settings::loadConfig()':
F:\Workspace\SEFMediaPreparer\src\Settings.cpp:121:21: warning: comparison between signed and unsigned integer expressions [-Wsign-compare]
   for (int i = 0; i < j.find("vCodecs").value().size(); i++) {
                     ^
F:\Workspace\SEFMediaPreparer\src\Settings.cpp:128:21: warning: comparison between signed and unsigned integer expressions [-Wsign-compare]
   for (int i = 0; i < j.find("aCodecs").value().size(); i++) {
                     ^
F:\Workspace\SEFMediaPreparer\src\Settings.cpp:135:21: warning: comparison between signed and unsigned integer expressions [-Wsign-compare]
   for (int i = 0; i < j.find("containers").value().size(); i++) {
                     ^
F:\Workspace\SEFMediaPreparer\src\Settings.cpp: In member function 'void Settings::createDefaultConfig()':
F:\Workspace\SEFMediaPreparer\src\Settings.cpp:220:20: warning: comparison between signed and unsigned integer expressions [-Wsign-compare]
  for (int i = 0; i < DEFAULT_VCODECS.size(); i++) {
                    ^
F:\Workspace\SEFMediaPreparer\src\Settings.cpp:223:20: warning: comparison between signed and unsigned integer expressions [-Wsign-compare]
  for (int i = 0; i < DEFAULT_ACODECS.size(); i++) {
                    ^
F:\Workspace\SEFMediaPreparer\src\File.cpp: In member function 'int File::duration()':
F:\Workspace\SEFMediaPreparer\src\File.cpp:88:9: warning: converting to non-pointer type 'int' from NULL [-Wconversion-null]
  return NULL;
         ^
F:\Workspace\SEFMediaPreparer\src\File.cpp: In member function 'int File::subtitles()':
F:\Workspace\SEFMediaPreparer\src\File.cpp:94:9: warning: converting to non-pointer type 'int' from NULL [-Wconversion-null]
  return NULL;
         ^
F:\Workspace\SEFMediaPreparer\src\File.cpp: In member function 'bool File::loadFileInfo(nlohmann::json)':
F:\Workspace\SEFMediaPreparer\src\File.cpp:138:59: warning: NULL used in arithmetic [-Wpointer-arith]
  if (!_vCodec.empty() && !_aCodec.empty() && _duration != NULL) {
                                                           ^
F:\Workspace\SEFMediaPreparer\src\File.cpp:139:21: warning: NULL used in arithmetic [-Wpointer-arith]
   if (_subtitles == NULL && bf::exists(_pathSub)) {
                     ^
F:\Workspace\SEFMediaPreparer\src\File.cpp: In member function 'boost::filesystem::path File::pathSub()':
F:\Workspace\SEFMediaPreparer\src\File.cpp:46:1: warning: control reaches end of non-void function [-Wreturn-type]
 }
 ^
F:\Workspace\SEFMediaPreparer\src\File.cpp: In member function 'std::__cxx11::string File::pathSubStr()':
F:\Workspace\SEFMediaPreparer\src\File.cpp:51:1: warning: control reaches end of non-void function [-Wreturn-type]
 }
 ^
In file included from F:\Workspace\SEFMediaPreparer/src/MediaPreparer.hpp:5:0,
                 from F:\Workspace\SEFMediaPreparer\src\MediaPreparer.cpp:1:
F:\Workspace\SEFMediaPreparer/src/File.hpp:19:18: warning: converting to non-pointer type 'int' from NULL [-Wconversion-null]
  int _duration = NULL;
                  ^
F:\Workspace\SEFMediaPreparer/src/File.hpp:21:19: warning: converting to non-pointer type 'int' from NULL [-Wconversion-null]
  int _subtitles = NULL;
                   ^
In file included from F:\Workspace\SEFMediaPreparer/src/MediaPreparer.hpp:6:0,
                 from F:\Workspace\SEFMediaPreparer\src\MediaPreparer.cpp:1:
F:\Workspace\SEFMediaPreparer/src/Library.hpp:24:18: warning: converting to non-pointer type 'int' from NULL [-Wconversion-null]
  int _duration = NULL;
                  ^
F:\Workspace\SEFMediaPreparer\src\MediaPreparer.cpp: In member function 'void MediaPreparer::scanLibrary(boost::filesystem::path)':
F:\Workspace\SEFMediaPreparer\src\MediaPreparer.cpp:95:33: warning: NULL used in arithmetic [-Wpointer-arith]
    if (library->sizeEncode() != NULL)
                                 ^
F:\Workspace\SEFMediaPreparer\src\MediaPreparer.cpp: In member function 'void MediaPreparer::encodeLibrary()':
F:\Workspace\SEFMediaPreparer\src\MediaPreparer.cpp:116:20: warning: comparison between signed and unsigned integer expressions [-Wsign-compare]
  for (int i = 0; i < library->getFilesEncode().size() && cancelEncode != true; i++) {
                    ^
F:\Workspace\SEFMediaPreparer\src\MediaPreparer.cpp: In member function 'void MediaPreparer::loadConfig()':
F:\Workspace\SEFMediaPreparer\src\MediaPreparer.cpp:252:20: warning: comparison between signed and unsigned integer expressions [-Wsign-compare]
  for (int i = 0; i < settings->vCodecList.size(); i++) {
                    ^
F:\Workspace\SEFMediaPreparer\src\MediaPreparer.cpp:255:20: warning: comparison between signed and unsigned integer expressions [-Wsign-compare]
  for (int i = 0; i < settings->aCodecList.size(); i++) {
                    ^
F:\Workspace\SEFMediaPreparer\src\MediaPreparer.cpp:258:20: warning: comparison between signed and unsigned integer expressions [-Wsign-compare]
  for (int i = 0; i < settings->containerList.size(); i++) {
                    ^
F:\Workspace\SEFMediaPreparer\src\MediaPreparer.cpp:261:20: warning: comparison between signed and unsigned integer expressions [-Wsign-compare]
  for (int i = 0; i < settings->presetNameList.size(); i++) {
                    ^
F:\Workspace\SEFMediaPreparer\src\MediaPreparer.cpp: In member function 'void MediaPreparer::InitGUI()':
F:\Workspace\SEFMediaPreparer\src\MediaPreparer.cpp:526:20: warning: comparison between signed and unsigned integer expressions [-Wsign-compare]
  for (int i = 0; i < settings->vCodecList.size(); i++) {
                    ^
F:\Workspace\SEFMediaPreparer\src\MediaPreparer.cpp:529:20: warning: comparison between signed and unsigned integer expressions [-Wsign-compare]
  for (int i = 0; i < settings->aCodecList.size(); i++) {
                    ^
F:\Workspace\SEFMediaPreparer\src\MediaPreparer.cpp:532:20: warning: comparison between signed and unsigned integer expressions [-Wsign-compare]
  for (int i = 0; i < settings->containerList.size(); i++) {
                    ^
F:\Workspace\SEFMediaPreparer\src\MediaPreparer.cpp:535:20: warning: comparison between signed and unsigned integer expressions [-Wsign-compare]
  for (int i = 0; i < settings->presetPathList.size(); i++) {
                    ^
In file included from F:/Workspace/SEFMediaPreparer/src/MediaPreparer.hpp:5:0,
                 from release\moc_MediaPreparer.cpp:9:
F:\Workspace\SEFMediaPreparer/src/File.hpp:19:18: warning: converting to non-pointer type 'int' from NULL [-Wconversion-null]
  int _duration = NULL;
                  ^
F:\Workspace\SEFMediaPreparer/src/File.hpp:21:19: warning: converting to non-pointer type 'int' from NULL [-Wconversion-null]
  int _subtitles = NULL;
                   ^
F:\Workspace\SEFMediaPreparer\src\MediaPreparer.cpp: In member function 'bool MediaPreparer::cancel()':
F:\Workspace\SEFMediaPreparer\src\MediaPreparer.cpp:689:1: warning: control reaches end of non-void function [-Wreturn-type]
 }
 ^
In file included from F:/Workspace/SEFMediaPreparer/src/MediaPreparer.hpp:6:0,
                 from release\moc_MediaPreparer.cpp:9:
F:\Workspace\SEFMediaPreparer/src/Library.hpp:24:18: warning: converting to non-pointer type 'int' from NULL [-Wconversion-null]
  int _duration = NULL;
                  ^
F:\Workspace\SEFMediaPreparer\lib/libboost_filesystem-mgw53-mt-1_66.a(codecvt_error_category.o): duplicate section `.rdata$_ZTIN5boost6system14error_category12std_categoryE[__ZTIN5boost6system14error_category12std_categoryE]' has different size
F:\Workspace\SEFMediaPreparer\lib/libboost_filesystem-mgw53-mt-1_66.a(codecvt_error_category.o): duplicate section `.rdata$_ZTVN5boost6system14error_category12std_categoryE[__ZTVN5boost6system14error_category12std_categoryE]' has different size
F:\Workspace\SEFMediaPreparer\lib/libboost_system-mgw53-mt-1_66.a(error_code.o): duplicate section `.rdata$_ZTIN5boost6system14error_category12std_categoryE[__ZTIN5boost6system14error_category12std_categoryE]' has different size
F:\Workspace\SEFMediaPreparer\lib/libboost_system-mgw53-mt-1_66.a(error_code.o): duplicate section `.rdata$_ZTVN5boost6system14error_category12std_categoryE[__ZTVN5boost6system14error_category12std_categoryE]' has different size
mingw32-make[1]: Leaving directory 'C:/Dev/Jenkins/workspace/SEFMediaPreparer/Workspace'
mingw32-make: Leaving directory 'C:/Dev/Jenkins/workspace/SEFMediaPreparer/Workspace'
